

Microchip Technology PIC18 Macro Assembler V2.00 build -1524193055 
                                                                                                           Thu Nov 01 15:34:22 2018


     1                           	processor	18F4520
     2                           	opt	pw 132
     3                           	psect	mytext,local,reloc=2,class=CODE,delta=1
     4  0000                     stk_offset	set	0
     5  0000                     auto_size	set	0
     6                           
     7                           ; stack_auto defines a symbol /name/_offset which equates to the
     8                           ; stack offset of the auto object in question
     9  0000                     
    10                           ; stack_param defines a symbol /name/_offset which equates to the
    11                           ; stack offset of the parameter object in question
    12  0000                     
    13                           ; alloc_stack adjusts the SP to allocate space for auto objects
    14                           ; it also links in to the btemp symbol so that can be used
    15  0000                     
    16                           ; restore_stack adjusts the SP to remove all auto and parameter
    17                           ; objects from the stack prior to returning from a function
    18  0000                     
    19                           	psect	mytext
    20  007FCC                     _mul:
    21                           	opt stack 0
    22  007FCC  C001 FF89          	movff	1,3977
    23  007FD0  C003 FF8A          	movff	3,3978
    24  007FD4  6A8B               	clrf	3979,c
    25  007FD6  0E08               	movlw	8
    26  007FD8  CFE8 FF8C          	movff	wreg,3980
    27  007FDC                     For:
    28  007FDC  6A8D               	clrf	3981,c
    29  007FDE  B08B               	btfsc	3979,0,c
    30  007FE0  2A8D               	incf	3981,f,c
    31  007FE2  A08A               	btfss	3978,0,c
    32  007FE4  D002               	goto	Continue
    33  007FE6  5089               	movf	3977,w,c
    34  007FE8  268B               	addwf	3979,f,c
    35  007FEA                     Continue:
    36  007FEA  328B               	rrcf	3979,f,c
    37  007FEC  328A               	rrcf	3978,f,c
    38  007FEE  B08D               	btfsc	3981,0,c
    39  007FF0  8E8A               	bsf	3978,7,c
    40  007FF2  2E8C               	decfsz	3980,f,c
    41  007FF4  D7F3               	goto	For
    42  007FF6  CF8A F001          	movff	3978,1
    43  007FFA  CF8B F002          	movff	3979,2
    44  007FFE  0012               	return	
    45                           wreg	equ	0xFE8


Microchip Technology PIC18 Macro Assembler V2.00 build -1524193055 
Symbol Table                                                                                               Thu Nov 01 15:34:22 2018

                         For 7FDC                          LATA 000F89                          LATB 000F8A  
                        LATC 000F8B                          LATD 000F8C                          LATE 000F8D  
                        WREG 000FE8                          _mul 7FCC                      Continue 7FEA  
