

Microchip Technology PIC18 LITE Macro Assembler V2.00 build -1524193055 
                                                                                               Thu Dec 13 17:55:08 2018

Microchip Technology Omniscient Code Generator v2.00 (Free mode) build 20180527130849
     1  0000                     
     2                           ; Version 2.00
     3                           ; Generated 27/05/2018 GMT
     4                           
     5                           ; 
     6                           ; Copyright © 2018, Microchip Technology Inc. and its subsidiaries ("Microchip")
     7                           ; All rights reserved.
     8                           ; 
     9                           ; This software is developed by Microchip Technology Inc. and its subsidiaries ("Microch
                                 ip").
    10                           ; 
    11                           ; Redistribution and use in source and binary forms, with or without modification, are
    12                           ; permitted provided that the following conditions are met:
    13                           ; 
    14                           ;     1. Redistributions of source code must retain the above copyright notice, this lis
                                 t of
    15                           ;        conditions and the following disclaimer.
    16                           ; 
    17                           ;     2. Redistributions in binary form must reproduce the above copyright notice, this 
                                 list
    18                           ;        of conditions and the following disclaimer in the documentation and/or other
    19                           ;        materials provided with the distribution.
    20                           ; 
    21                           ;     3. Microchip's name may not be used to endorse or promote products derived from th
                                 is
    22                           ;        software without specific prior written permission.
    23                           ; 
    24                           ; THIS SOFTWARE IS PROVIDED BY MICROCHIP "AS IS" AND ANY EXPRESS OR IMPLIED WARRANTIES,

    25                           ; INCLUDING, BUT NOT LIMITED TO, THE IMPLIED WARRANTIES OF MERCHANTABILITY AND FITNESS F
                                 OR
    26                           ; PURPOSE ARE DISCLAIMED.  IN NO EVENT SHALL MICROCHIP BE LIABLE FOR ANY DIRECT, INDIREC
                                 T,
    27                           ; INCIDENTAL, SPECIAL, EXEMPLARY, OR CONSEQUENTIAL DAMAGES (INCLUDING BUT NOT LIMITED TO
                                 
    28                           ; PROCUREMENT OF SUBSTITUTE GOODS OR SERVICES; LOSS OF USE, DATA OR PROFITS; OR BUSINESS
                                 
    29                           ; INTERRUPTION) HOWSOEVER CAUSED AND ON ANY THEORY OF LIABILITY, WHETHER IN CONTRACT, ST
                                 RICT
    30                           ; LIABILITY, OR TORT (INCLUDING NEGLIGENCE OR OTHERWISE) ARISING IN ANY WAY OUT OF THE U
                                 SE OF
    31                           ; THIS SOFTWARE, EVEN IF ADVISED OF THE POSSIBILITY OF SUCH DAMAGE.
    32                           ; 
    33                           
    34                           
    35                           ; 
    36                           ; Code-generator required, PIC18F4520 Definitions
    37                           ; 
    38  0000                     fsr0 equ 0FE9h
    39  0000                     fsr0h equ 0FEAh
    40  0000                     fsr0l equ 0FE9h
    41  0000                     fsr1 equ 0FE1h
    42  0000                     fsr1h equ 0FE2h
    43  0000                     fsr1l equ 0FE1h
    44  0000                     fsr2 equ 0FD9h
    45  0000                     fsr2h equ 0FDAh
    46  0000                     fsr2l equ 0FD9h
    47  0000                     indf0 equ 0FEFh
    48  0000                     indf1 equ 0FE7h
    49  0000                     indf2 equ 0FDFh
    50  0000                     intcon equ 0FF2h
    51  0000                     nvmcon equ 00h
    52  0000                     pcl equ 0FF9h
    53  0000                     pclath equ 0FFAh
    54  0000                     pclatu equ 0FFBh
    55  0000                     plusw0 equ 0FEBh
    56  0000                     plusw1 equ 0FE3h
    57  0000                     plusw2 equ 0FDBh
    58  0000                     postdec0 equ 0FEDh
    59  0000                     postdec1 equ 0FE5h
    60  0000                     postdec2 equ 0FDDh
    61  0000                     postinc0 equ 0FEEh
    62  0000                     postinc1 equ 0FE6h
    63  0000                     postinc2 equ 0FDEh
    64  0000                     preinc0 equ 0FECh
    65  0000                     preinc1 equ 0FE4h
    66  0000                     preinc2 equ 0FDCh
    67  0000                     prod equ 0FF3h
    68  0000                     prodh equ 0FF4h
    69  0000                     prodl equ 0FF3h
    70  0000                     status equ 0FD8h
    71  0000                     tablat equ 0FF5h
    72  0000                     tblptr equ 0FF6h
    73  0000                     tblptrh equ 0FF7h
    74  0000                     tblptrl equ 0FF6h
    75  0000                     tblptru equ 0FF8h
    76  0000                     tosl equ 0FFDh
    77  0000                     wreg equ 0FE8h
    78  0000                     
     2                           opt pagewidth 120
     3  0000                     byte0	macro	val
     4                           	(getbyte(val,0))
     5                           endm
     6  0000                     byte1	macro	val
     7                           	(getbyte(val,1))
     8                           endm
     9  0000                     byte2	macro	val
    10                           	(getbyte(val,2))
    11                           endm
    12  0000                     byte3	macro	val
    13                           	(getbyte(val,3))
    14                           endm
    15  0000                     byte4	macro	val
    16                           	(getbyte(val,4))
    17                           endm
    18  0000                     byte5	macro	val
    19                           	(getbyte(val,5))
    20                           endm
    21  0000                     byte6	macro	val
    22                           	(getbyte(val,6))
    23                           endm
    24  0000                     byte7	macro	val
    25                           	(getbyte(val,7))
    26                           endm
    27  0000                     getword	macro	val,pos
    28                           	(((val) >> (8 * pos)) and 0xffff)
    29                           endm
    30  0000                     word0	macro	val
    31                           	(getword(val,0))
    32                           endm
    33  0000                     word1	macro	val
    34                           	(getword(val,2))
    35                           endm
    36  0000                     word2	macro	val
    37                           	(getword(val,4))
    38                           endm
    39  0000                     word3	macro	val
    40                           	(getword(val,6))
    41                           endm
    42  0000                     gettword	macro	val,pos
    43                           	(((val) >> (8 * pos)) and 0xffffff)
    44                           endm
    45  0000                     tword0	macro	val
    46                           	(gettword(val,0))
    47                           endm
    48  0000                     tword1	macro	val
    49                           	(gettword(val,3))
    50                           endm
    51  0000                     tword2	macro	val
    52                           	(gettword(val,6))
    53                           endm
    54  0000                     getdword	macro	val,pos
    55                           	(((val) >> (8 * pos)) and 0xffffffff)
    56                           endm
    57  0000                     dword0	macro	val
    58                           	(getdword(val,0))
    59                           endm
    60  0000                     dword1	macro	val
    61                           	(getdword(val,4))
    62                           endm
    63  0000                     clrc   macro
    64                           	bcf	status,0
    65                           endm
    66  0000                     setc   macro
    67                           	bsf	status,0
    68                           endm
    69  0000                     clrz   macro
    70                           	bcf	status,2
    71                           endm
    72  0000                     setz   macro
    73                           	bsf	status,2
    74                           endm
    75  0000                     skipnz macro
    76                           	btfsc	status,2
    77                           endm
    78  0000                     skipz  macro
    79                           	btfss	status,2
    80                           endm
    81  0000                     skipnc macro
    82                           	btfsc	status,0
    83                           endm
    84  0000                     skipc  macro
    85                           	btfss	status,0
    86                           endm
    87  0000                     pushw macro
    88                           	movwf postinc1
    89                           endm
    90  0000                     pushf macro arg1
    91                           	movff arg1, postinc1
    92                           endm
    93  0000                     popw macro
    94                           	movf postdec1,f
    95                           	movf indf1,w
    96                           endm
    97  0000                     popf macro arg1
    98                           	movf postdec1,f
    99                           	movff indf1,arg1
   100                           endm
   101  0000                     popfc macro arg1
   102                           	movff plusw1,arg1
   103                           	decfsz fsr1,f
   104                           endm
   105  0000                     	global	__ramtop
   106                           	global	__accesstop
   107                           # 54 "C:\Program Files (x86)\Microchip\xc8\v2.00\pic\include\pic18f4520.h"
   108                           PORTA equ 0F80h ;# 
   109  0000                     # 273 "C:\Program Files (x86)\Microchip\xc8\v2.00\pic\include\pic18f4520.h"
   110                           PORTB equ 0F81h ;# 
   111  0000                     # 452 "C:\Program Files (x86)\Microchip\xc8\v2.00\pic\include\pic18f4520.h"
   112                           PORTC equ 0F82h ;# 
   113  0000                     # 634 "C:\Program Files (x86)\Microchip\xc8\v2.00\pic\include\pic18f4520.h"
   114                           PORTD equ 0F83h ;# 
   115  0000                     # 776 "C:\Program Files (x86)\Microchip\xc8\v2.00\pic\include\pic18f4520.h"
   116                           PORTE equ 0F84h ;# 
   117  0000                     # 979 "C:\Program Files (x86)\Microchip\xc8\v2.00\pic\include\pic18f4520.h"
   118                           LATA equ 0F89h ;# 
   119  0000                     # 1091 "C:\Program Files (x86)\Microchip\xc8\v2.00\pic\include\pic18f4520.h"
   120                           LATB equ 0F8Ah ;# 
   121  0000                     # 1203 "C:\Program Files (x86)\Microchip\xc8\v2.00\pic\include\pic18f4520.h"
   122                           LATC equ 0F8Bh ;# 
   123  0000                     # 1315 "C:\Program Files (x86)\Microchip\xc8\v2.00\pic\include\pic18f4520.h"
   124                           LATD equ 0F8Ch ;# 
   125  0000                     # 1427 "C:\Program Files (x86)\Microchip\xc8\v2.00\pic\include\pic18f4520.h"
   126                           LATE equ 0F8Dh ;# 
   127  0000                     # 1479 "C:\Program Files (x86)\Microchip\xc8\v2.00\pic\include\pic18f4520.h"
   128                           TRISA equ 0F92h ;# 
   129  0000                     # 1484 "C:\Program Files (x86)\Microchip\xc8\v2.00\pic\include\pic18f4520.h"
   130                           DDRA equ 0F92h ;# 
   131  0000                     # 1701 "C:\Program Files (x86)\Microchip\xc8\v2.00\pic\include\pic18f4520.h"
   132                           TRISB equ 0F93h ;# 
   133  0000                     # 1706 "C:\Program Files (x86)\Microchip\xc8\v2.00\pic\include\pic18f4520.h"
   134                           DDRB equ 0F93h ;# 
   135  0000                     # 1923 "C:\Program Files (x86)\Microchip\xc8\v2.00\pic\include\pic18f4520.h"
   136                           TRISC equ 0F94h ;# 
   137  0000                     # 1928 "C:\Program Files (x86)\Microchip\xc8\v2.00\pic\include\pic18f4520.h"
   138                           DDRC equ 0F94h ;# 
   139  0000                     # 2145 "C:\Program Files (x86)\Microchip\xc8\v2.00\pic\include\pic18f4520.h"
   140                           TRISD equ 0F95h ;# 
   141  0000                     # 2150 "C:\Program Files (x86)\Microchip\xc8\v2.00\pic\include\pic18f4520.h"
   142                           DDRD equ 0F95h ;# 
   143  0000                     # 2367 "C:\Program Files (x86)\Microchip\xc8\v2.00\pic\include\pic18f4520.h"
   144                           TRISE equ 0F96h ;# 
   145  0000                     # 2372 "C:\Program Files (x86)\Microchip\xc8\v2.00\pic\include\pic18f4520.h"
   146                           DDRE equ 0F96h ;# 
   147  0000                     # 2531 "C:\Program Files (x86)\Microchip\xc8\v2.00\pic\include\pic18f4520.h"
   148                           OSCTUNE equ 0F9Bh ;# 
   149  0000                     # 2596 "C:\Program Files (x86)\Microchip\xc8\v2.00\pic\include\pic18f4520.h"
   150                           PIE1 equ 0F9Dh ;# 
   151  0000                     # 2673 "C:\Program Files (x86)\Microchip\xc8\v2.00\pic\include\pic18f4520.h"
   152                           PIR1 equ 0F9Eh ;# 
   153  0000                     # 2750 "C:\Program Files (x86)\Microchip\xc8\v2.00\pic\include\pic18f4520.h"
   154                           IPR1 equ 0F9Fh ;# 
   155  0000                     # 2827 "C:\Program Files (x86)\Microchip\xc8\v2.00\pic\include\pic18f4520.h"
   156                           PIE2 equ 0FA0h ;# 
   157  0000                     # 2893 "C:\Program Files (x86)\Microchip\xc8\v2.00\pic\include\pic18f4520.h"
   158                           PIR2 equ 0FA1h ;# 
   159  0000                     # 2959 "C:\Program Files (x86)\Microchip\xc8\v2.00\pic\include\pic18f4520.h"
   160                           IPR2 equ 0FA2h ;# 
   161  0000                     # 3025 "C:\Program Files (x86)\Microchip\xc8\v2.00\pic\include\pic18f4520.h"
   162                           EECON1 equ 0FA6h ;# 
   163  0000                     # 3091 "C:\Program Files (x86)\Microchip\xc8\v2.00\pic\include\pic18f4520.h"
   164                           EECON2 equ 0FA7h ;# 
   165  0000                     # 3098 "C:\Program Files (x86)\Microchip\xc8\v2.00\pic\include\pic18f4520.h"
   166                           EEDATA equ 0FA8h ;# 
   167  0000                     # 3105 "C:\Program Files (x86)\Microchip\xc8\v2.00\pic\include\pic18f4520.h"
   168                           EEADR equ 0FA9h ;# 
   169  0000                     # 3112 "C:\Program Files (x86)\Microchip\xc8\v2.00\pic\include\pic18f4520.h"
   170                           RCSTA equ 0FABh ;# 
   171  0000                     # 3117 "C:\Program Files (x86)\Microchip\xc8\v2.00\pic\include\pic18f4520.h"
   172                           RCSTA1 equ 0FABh ;# 
   173  0000                     # 3322 "C:\Program Files (x86)\Microchip\xc8\v2.00\pic\include\pic18f4520.h"
   174                           TXSTA equ 0FACh ;# 
   175  0000                     # 3327 "C:\Program Files (x86)\Microchip\xc8\v2.00\pic\include\pic18f4520.h"
   176                           TXSTA1 equ 0FACh ;# 
   177  0000                     # 3578 "C:\Program Files (x86)\Microchip\xc8\v2.00\pic\include\pic18f4520.h"
   178                           TXREG equ 0FADh ;# 
   179  0000                     # 3583 "C:\Program Files (x86)\Microchip\xc8\v2.00\pic\include\pic18f4520.h"
   180                           TXREG1 equ 0FADh ;# 
   181  0000                     # 3590 "C:\Program Files (x86)\Microchip\xc8\v2.00\pic\include\pic18f4520.h"
   182                           RCREG equ 0FAEh ;# 
   183  0000                     # 3595 "C:\Program Files (x86)\Microchip\xc8\v2.00\pic\include\pic18f4520.h"
   184                           RCREG1 equ 0FAEh ;# 
   185  0000                     # 3602 "C:\Program Files (x86)\Microchip\xc8\v2.00\pic\include\pic18f4520.h"
   186                           SPBRG equ 0FAFh ;# 
   187  0000                     # 3607 "C:\Program Files (x86)\Microchip\xc8\v2.00\pic\include\pic18f4520.h"
   188                           SPBRG1 equ 0FAFh ;# 
   189  0000                     # 3614 "C:\Program Files (x86)\Microchip\xc8\v2.00\pic\include\pic18f4520.h"
   190                           SPBRGH equ 0FB0h ;# 
   191  0000                     # 3621 "C:\Program Files (x86)\Microchip\xc8\v2.00\pic\include\pic18f4520.h"
   192                           T3CON equ 0FB1h ;# 
   193  0000                     # 3733 "C:\Program Files (x86)\Microchip\xc8\v2.00\pic\include\pic18f4520.h"
   194                           TMR3 equ 0FB2h ;# 
   195  0000                     # 3740 "C:\Program Files (x86)\Microchip\xc8\v2.00\pic\include\pic18f4520.h"
   196                           TMR3L equ 0FB2h ;# 
   197  0000                     # 3747 "C:\Program Files (x86)\Microchip\xc8\v2.00\pic\include\pic18f4520.h"
   198                           TMR3H equ 0FB3h ;# 
   199  0000                     # 3754 "C:\Program Files (x86)\Microchip\xc8\v2.00\pic\include\pic18f4520.h"
   200                           CMCON equ 0FB4h ;# 
   201  0000                     # 3844 "C:\Program Files (x86)\Microchip\xc8\v2.00\pic\include\pic18f4520.h"
   202                           CVRCON equ 0FB5h ;# 
   203  0000                     # 3923 "C:\Program Files (x86)\Microchip\xc8\v2.00\pic\include\pic18f4520.h"
   204                           ECCP1AS equ 0FB6h ;# 
   205  0000                     # 3928 "C:\Program Files (x86)\Microchip\xc8\v2.00\pic\include\pic18f4520.h"
   206                           ECCPAS equ 0FB6h ;# 
   207  0000                     # 4085 "C:\Program Files (x86)\Microchip\xc8\v2.00\pic\include\pic18f4520.h"
   208                           PWM1CON equ 0FB7h ;# 
   209  0000                     # 4090 "C:\Program Files (x86)\Microchip\xc8\v2.00\pic\include\pic18f4520.h"
   210                           ECCP1DEL equ 0FB7h ;# 
   211  0000                     # 4223 "C:\Program Files (x86)\Microchip\xc8\v2.00\pic\include\pic18f4520.h"
   212                           BAUDCON equ 0FB8h ;# 
   213  0000                     # 4228 "C:\Program Files (x86)\Microchip\xc8\v2.00\pic\include\pic18f4520.h"
   214                           BAUDCTL equ 0FB8h ;# 
   215  0000                     # 4403 "C:\Program Files (x86)\Microchip\xc8\v2.00\pic\include\pic18f4520.h"
   216                           CCP2CON equ 0FBAh ;# 
   217  0000                     # 4482 "C:\Program Files (x86)\Microchip\xc8\v2.00\pic\include\pic18f4520.h"
   218                           CCPR2 equ 0FBBh ;# 
   219  0000                     # 4489 "C:\Program Files (x86)\Microchip\xc8\v2.00\pic\include\pic18f4520.h"
   220                           CCPR2L equ 0FBBh ;# 
   221  0000                     # 4496 "C:\Program Files (x86)\Microchip\xc8\v2.00\pic\include\pic18f4520.h"
   222                           CCPR2H equ 0FBCh ;# 
   223  0000                     # 4503 "C:\Program Files (x86)\Microchip\xc8\v2.00\pic\include\pic18f4520.h"
   224                           CCP1CON equ 0FBDh ;# 
   225  0000                     # 4600 "C:\Program Files (x86)\Microchip\xc8\v2.00\pic\include\pic18f4520.h"
   226                           CCPR1 equ 0FBEh ;# 
   227  0000                     # 4607 "C:\Program Files (x86)\Microchip\xc8\v2.00\pic\include\pic18f4520.h"
   228                           CCPR1L equ 0FBEh ;# 
   229  0000                     # 4614 "C:\Program Files (x86)\Microchip\xc8\v2.00\pic\include\pic18f4520.h"
   230                           CCPR1H equ 0FBFh ;# 
   231  0000                     # 4621 "C:\Program Files (x86)\Microchip\xc8\v2.00\pic\include\pic18f4520.h"
   232                           ADCON2 equ 0FC0h ;# 
   233  0000                     # 4692 "C:\Program Files (x86)\Microchip\xc8\v2.00\pic\include\pic18f4520.h"
   234                           ADCON1 equ 0FC1h ;# 
   235  0000                     # 4777 "C:\Program Files (x86)\Microchip\xc8\v2.00\pic\include\pic18f4520.h"
   236                           ADCON0 equ 0FC2h ;# 
   237  0000                     # 4896 "C:\Program Files (x86)\Microchip\xc8\v2.00\pic\include\pic18f4520.h"
   238                           ADRES equ 0FC3h ;# 
   239  0000                     # 4903 "C:\Program Files (x86)\Microchip\xc8\v2.00\pic\include\pic18f4520.h"
   240                           ADRESL equ 0FC3h ;# 
   241  0000                     # 4910 "C:\Program Files (x86)\Microchip\xc8\v2.00\pic\include\pic18f4520.h"
   242                           ADRESH equ 0FC4h ;# 
   243  0000                     # 4917 "C:\Program Files (x86)\Microchip\xc8\v2.00\pic\include\pic18f4520.h"
   244                           SSPCON2 equ 0FC5h ;# 
   245  0000                     # 5012 "C:\Program Files (x86)\Microchip\xc8\v2.00\pic\include\pic18f4520.h"
   246                           SSPCON1 equ 0FC6h ;# 
   247  0000                     # 5082 "C:\Program Files (x86)\Microchip\xc8\v2.00\pic\include\pic18f4520.h"
   248                           SSPSTAT equ 0FC7h ;# 
   249  0000                     # 5303 "C:\Program Files (x86)\Microchip\xc8\v2.00\pic\include\pic18f4520.h"
   250                           SSPADD equ 0FC8h ;# 
   251  0000                     # 5310 "C:\Program Files (x86)\Microchip\xc8\v2.00\pic\include\pic18f4520.h"
   252                           SSPBUF equ 0FC9h ;# 
   253  0000                     # 5317 "C:\Program Files (x86)\Microchip\xc8\v2.00\pic\include\pic18f4520.h"
   254                           T2CON equ 0FCAh ;# 
   255  0000                     # 5415 "C:\Program Files (x86)\Microchip\xc8\v2.00\pic\include\pic18f4520.h"
   256                           PR2 equ 0FCBh ;# 
   257  0000                     # 5420 "C:\Program Files (x86)\Microchip\xc8\v2.00\pic\include\pic18f4520.h"
   258                           MEMCON equ 0FCBh ;# 
   259  0000                     # 5525 "C:\Program Files (x86)\Microchip\xc8\v2.00\pic\include\pic18f4520.h"
   260                           TMR2 equ 0FCCh ;# 
   261  0000                     # 5532 "C:\Program Files (x86)\Microchip\xc8\v2.00\pic\include\pic18f4520.h"
   262                           T1CON equ 0FCDh ;# 
   263  0000                     # 5635 "C:\Program Files (x86)\Microchip\xc8\v2.00\pic\include\pic18f4520.h"
   264                           TMR1 equ 0FCEh ;# 
   265  0000                     # 5642 "C:\Program Files (x86)\Microchip\xc8\v2.00\pic\include\pic18f4520.h"
   266                           TMR1L equ 0FCEh ;# 
   267  0000                     # 5649 "C:\Program Files (x86)\Microchip\xc8\v2.00\pic\include\pic18f4520.h"
   268                           TMR1H equ 0FCFh ;# 
   269  0000                     # 5656 "C:\Program Files (x86)\Microchip\xc8\v2.00\pic\include\pic18f4520.h"
   270                           RCON equ 0FD0h ;# 
   271  0000                     # 5789 "C:\Program Files (x86)\Microchip\xc8\v2.00\pic\include\pic18f4520.h"
   272                           WDTCON equ 0FD1h ;# 
   273  0000                     # 5817 "C:\Program Files (x86)\Microchip\xc8\v2.00\pic\include\pic18f4520.h"
   274                           HLVDCON equ 0FD2h ;# 
   275  0000                     # 5822 "C:\Program Files (x86)\Microchip\xc8\v2.00\pic\include\pic18f4520.h"
   276                           LVDCON equ 0FD2h ;# 
   277  0000                     # 6087 "C:\Program Files (x86)\Microchip\xc8\v2.00\pic\include\pic18f4520.h"
   278                           OSCCON equ 0FD3h ;# 
   279  0000                     # 6170 "C:\Program Files (x86)\Microchip\xc8\v2.00\pic\include\pic18f4520.h"
   280                           T0CON equ 0FD5h ;# 
   281  0000                     # 6253 "C:\Program Files (x86)\Microchip\xc8\v2.00\pic\include\pic18f4520.h"
   282                           TMR0 equ 0FD6h ;# 
   283  0000                     # 6260 "C:\Program Files (x86)\Microchip\xc8\v2.00\pic\include\pic18f4520.h"
   284                           TMR0L equ 0FD6h ;# 
   285  0000                     # 6267 "C:\Program Files (x86)\Microchip\xc8\v2.00\pic\include\pic18f4520.h"
   286                           TMR0H equ 0FD7h ;# 
   287  0000                     # 6274 "C:\Program Files (x86)\Microchip\xc8\v2.00\pic\include\pic18f4520.h"
   288                           STATUS equ 0FD8h ;# 
   289  0000                     # 6345 "C:\Program Files (x86)\Microchip\xc8\v2.00\pic\include\pic18f4520.h"
   290                           FSR2 equ 0FD9h ;# 
   291  0000                     # 6352 "C:\Program Files (x86)\Microchip\xc8\v2.00\pic\include\pic18f4520.h"
   292                           FSR2L equ 0FD9h ;# 
   293  0000                     # 6359 "C:\Program Files (x86)\Microchip\xc8\v2.00\pic\include\pic18f4520.h"
   294                           FSR2H equ 0FDAh ;# 
   295  0000                     # 6366 "C:\Program Files (x86)\Microchip\xc8\v2.00\pic\include\pic18f4520.h"
   296                           PLUSW2 equ 0FDBh ;# 
   297  0000                     # 6373 "C:\Program Files (x86)\Microchip\xc8\v2.00\pic\include\pic18f4520.h"
   298                           PREINC2 equ 0FDCh ;# 
   299  0000                     # 6380 "C:\Program Files (x86)\Microchip\xc8\v2.00\pic\include\pic18f4520.h"
   300                           POSTDEC2 equ 0FDDh ;# 
   301  0000                     # 6387 "C:\Program Files (x86)\Microchip\xc8\v2.00\pic\include\pic18f4520.h"
   302                           POSTINC2 equ 0FDEh ;# 
   303  0000                     # 6394 "C:\Program Files (x86)\Microchip\xc8\v2.00\pic\include\pic18f4520.h"
   304                           INDF2 equ 0FDFh ;# 
   305  0000                     # 6401 "C:\Program Files (x86)\Microchip\xc8\v2.00\pic\include\pic18f4520.h"
   306                           BSR equ 0FE0h ;# 
   307  0000                     # 6408 "C:\Program Files (x86)\Microchip\xc8\v2.00\pic\include\pic18f4520.h"
   308                           FSR1 equ 0FE1h ;# 
   309  0000                     # 6415 "C:\Program Files (x86)\Microchip\xc8\v2.00\pic\include\pic18f4520.h"
   310                           FSR1L equ 0FE1h ;# 
   311  0000                     # 6422 "C:\Program Files (x86)\Microchip\xc8\v2.00\pic\include\pic18f4520.h"
   312                           FSR1H equ 0FE2h ;# 
   313  0000                     # 6429 "C:\Program Files (x86)\Microchip\xc8\v2.00\pic\include\pic18f4520.h"
   314                           PLUSW1 equ 0FE3h ;# 
   315  0000                     # 6436 "C:\Program Files (x86)\Microchip\xc8\v2.00\pic\include\pic18f4520.h"
   316                           PREINC1 equ 0FE4h ;# 
   317  0000                     # 6443 "C:\Program Files (x86)\Microchip\xc8\v2.00\pic\include\pic18f4520.h"
   318                           POSTDEC1 equ 0FE5h ;# 
   319  0000                     # 6450 "C:\Program Files (x86)\Microchip\xc8\v2.00\pic\include\pic18f4520.h"
   320                           POSTINC1 equ 0FE6h ;# 
   321  0000                     # 6457 "C:\Program Files (x86)\Microchip\xc8\v2.00\pic\include\pic18f4520.h"
   322                           INDF1 equ 0FE7h ;# 
   323  0000                     # 6464 "C:\Program Files (x86)\Microchip\xc8\v2.00\pic\include\pic18f4520.h"
   324                           WREG equ 0FE8h ;# 
   325  0000                     # 6476 "C:\Program Files (x86)\Microchip\xc8\v2.00\pic\include\pic18f4520.h"
   326                           FSR0 equ 0FE9h ;# 
   327  0000                     # 6483 "C:\Program Files (x86)\Microchip\xc8\v2.00\pic\include\pic18f4520.h"
   328                           FSR0L equ 0FE9h ;# 
   329  0000                     # 6490 "C:\Program Files (x86)\Microchip\xc8\v2.00\pic\include\pic18f4520.h"
   330                           FSR0H equ 0FEAh ;# 
   331  0000                     # 6497 "C:\Program Files (x86)\Microchip\xc8\v2.00\pic\include\pic18f4520.h"
   332                           PLUSW0 equ 0FEBh ;# 
   333  0000                     # 6504 "C:\Program Files (x86)\Microchip\xc8\v2.00\pic\include\pic18f4520.h"
   334                           PREINC0 equ 0FECh ;# 
   335  0000                     # 6511 "C:\Program Files (x86)\Microchip\xc8\v2.00\pic\include\pic18f4520.h"
   336                           POSTDEC0 equ 0FEDh ;# 
   337  0000                     # 6518 "C:\Program Files (x86)\Microchip\xc8\v2.00\pic\include\pic18f4520.h"
   338                           POSTINC0 equ 0FEEh ;# 
   339  0000                     # 6525 "C:\Program Files (x86)\Microchip\xc8\v2.00\pic\include\pic18f4520.h"
   340                           INDF0 equ 0FEFh ;# 
   341  0000                     # 6532 "C:\Program Files (x86)\Microchip\xc8\v2.00\pic\include\pic18f4520.h"
   342                           INTCON3 equ 0FF0h ;# 
   343  0000                     # 6624 "C:\Program Files (x86)\Microchip\xc8\v2.00\pic\include\pic18f4520.h"
   344                           INTCON2 equ 0FF1h ;# 
   345  0000                     # 6694 "C:\Program Files (x86)\Microchip\xc8\v2.00\pic\include\pic18f4520.h"
   346                           INTCON equ 0FF2h ;# 
   347  0000                     # 6811 "C:\Program Files (x86)\Microchip\xc8\v2.00\pic\include\pic18f4520.h"
   348                           PROD equ 0FF3h ;# 
   349  0000                     # 6818 "C:\Program Files (x86)\Microchip\xc8\v2.00\pic\include\pic18f4520.h"
   350                           PRODL equ 0FF3h ;# 
   351  0000                     # 6825 "C:\Program Files (x86)\Microchip\xc8\v2.00\pic\include\pic18f4520.h"
   352                           PRODH equ 0FF4h ;# 
   353  0000                     # 6832 "C:\Program Files (x86)\Microchip\xc8\v2.00\pic\include\pic18f4520.h"
   354                           TABLAT equ 0FF5h ;# 
   355  0000                     # 6841 "C:\Program Files (x86)\Microchip\xc8\v2.00\pic\include\pic18f4520.h"
   356                           TBLPTR equ 0FF6h ;# 
   357  0000                     # 6848 "C:\Program Files (x86)\Microchip\xc8\v2.00\pic\include\pic18f4520.h"
   358                           TBLPTRL equ 0FF6h ;# 
   359  0000                     # 6855 "C:\Program Files (x86)\Microchip\xc8\v2.00\pic\include\pic18f4520.h"
   360                           TBLPTRH equ 0FF7h ;# 
   361  0000                     # 6862 "C:\Program Files (x86)\Microchip\xc8\v2.00\pic\include\pic18f4520.h"
   362                           TBLPTRU equ 0FF8h ;# 
   363  0000                     # 6871 "C:\Program Files (x86)\Microchip\xc8\v2.00\pic\include\pic18f4520.h"
   364                           PCLAT equ 0FF9h ;# 
   365  0000                     # 6878 "C:\Program Files (x86)\Microchip\xc8\v2.00\pic\include\pic18f4520.h"
   366                           PC equ 0FF9h ;# 
   367  0000                     # 6885 "C:\Program Files (x86)\Microchip\xc8\v2.00\pic\include\pic18f4520.h"
   368                           PCL equ 0FF9h ;# 
   369  0000                     # 6892 "C:\Program Files (x86)\Microchip\xc8\v2.00\pic\include\pic18f4520.h"
   370                           PCLATH equ 0FFAh ;# 
   371  0000                     # 6899 "C:\Program Files (x86)\Microchip\xc8\v2.00\pic\include\pic18f4520.h"
   372                           PCLATU equ 0FFBh ;# 
   373  0000                     # 6906 "C:\Program Files (x86)\Microchip\xc8\v2.00\pic\include\pic18f4520.h"
   374                           STKPTR equ 0FFCh ;# 
   375  0000                     # 6980 "C:\Program Files (x86)\Microchip\xc8\v2.00\pic\include\pic18f4520.h"
   376                           TOS equ 0FFDh ;# 
   377  0000                     # 6987 "C:\Program Files (x86)\Microchip\xc8\v2.00\pic\include\pic18f4520.h"
   378                           TOSL equ 0FFDh ;# 
   379  0000                     # 6994 "C:\Program Files (x86)\Microchip\xc8\v2.00\pic\include\pic18f4520.h"
   380                           TOSH equ 0FFEh ;# 
   381  0000                     # 7001 "C:\Program Files (x86)\Microchip\xc8\v2.00\pic\include\pic18f4520.h"
   382                           TOSU equ 0FFFh ;# 
   383  0000                     	FNCALL	_main,_adc_init
   384                           	FNCALL	_main,_ccp2_init
   385                           	FNCALL	_main,_tmr_init
   386                           	FNROOT	_main
   387                           	FNCALL	intlevel2,_Hi_ISR
   388                           	global	intlevel2
   389                           	FNROOT	intlevel2
   390                           	global	_ans
   391                           	global	_i
   392                           	global	_CCPR2
   393                           _CCPR2	set	0xFBB
   394  0000                     	global	_ADRES
   395                           _ADRES	set	0xFC3
   396  0000                     	global	_T3CON
   397                           _T3CON	set	0xFB1
   398  0000                     	global	_PIE2bits
   399                           _PIE2bits	set	0xFA0
   400  0000                     	global	_CCP2CON
   401                           _CCP2CON	set	0xFBA
   402  0000                     	global	_INTCONbits
   403                           _INTCONbits	set	0xFF2
   404  0000                     	global	_RCONbits
   405                           _RCONbits	set	0xFD0
   406  0000                     	global	_IPR1bits
   407                           _IPR1bits	set	0xF9F
   408  0000                     	global	_PIE1bits
   409                           _PIE1bits	set	0xF9D
   410  0000                     	global	_ADCON2bits
   411                           _ADCON2bits	set	0xFC0
   412  0000                     	global	_ADCON1bits
   413                           _ADCON1bits	set	0xFC1
   414  0000                     	global	_TRISEbits
   415                           _TRISEbits	set	0xF96
   416  0000                     	global	_PIR2bits
   417                           _PIR2bits	set	0xFA1
   418  0000                     	global	_ADCON0bits
   419                           _ADCON0bits	set	0xFC2
   420  0000                     	global	_PIR1bits
   421                           _PIR1bits	set	0xF9E
   422  0000                     ; #config settings
   423                           global __CFG_OSC$INTIO67
   424                           __CFG_OSC$INTIO67 equ 0x0
   425  0000                     global __CFG_WDT$OFF
   426                           __CFG_WDT$OFF equ 0x0
   427  0000                     global __CFG_LVP$OFF
   428                           __CFG_LVP$OFF equ 0x0
   429  0000                     	file	"C:\Users\user\AppData\Local\Temp\s6r4."
   430                           	line	#
   431                           psect	cinit,class=CODE,delta=1,reloc=2
   432                           global __pcinit
   433                           __pcinit:
   434  0000CC                     global start_initialization
   435                           start_initialization:
   436  0000CC                     
   437                           global __initialization
   438                           __initialization:
   439  0000CC                     psect	bssCOMRAM,class=COMRAM,space=1,noexec
   440                           global __pbssCOMRAM
   441                           __pbssCOMRAM:
   442  000001                     	global	_ans
   443                           _ans:
   444  000001                            ds      20
   445  000001                     	global	_i
   446                           _i:
   447  000015                            ds      2
   448  000015                     	file	"C:\Users\user\AppData\Local\Temp\s6r4."
   449                           	line	#
   450                           psect	cinit
   451                           ; Clear objects allocated to COMRAM (22 bytes)
   452                           	global __pbssCOMRAM
   453                           lfsr	0,__pbssCOMRAM
   454  0000CC  EE00  F001         movlw	22
   455  0000D0  0E16               clear_0:
   456  0000D2                     clrf	postinc0,c
   457  0000D2  6AEE               decf	wreg
   458  0000D4  06E8               bnz	clear_0
   459  0000D6  E1FD               psect cinit,class=CODE,delta=1
   460                           global end_of_initialization,__end_of__initialization
   461                           
   462                           ;End of C runtime variable initialization code
   463                           
   464                           end_of_initialization:
   465  0000D8                     __end_of__initialization:
   466  0000D8                     	bcf int$flags,0,c ;clear compiler interrupt flag (level 1)
   467  0000D8  9019               	bcf int$flags,1,c ;clear compiler interrupt flag (level 2)
   468  0000DA  9219               movlb 0
   469  0000DC  0100               goto _main	;jump to C main() function
   470  0000DE  EF71  F000         psect	cstackCOMRAM,class=COMRAM,space=1,noexec
   471                           global __pcstackCOMRAM
   472                           __pcstackCOMRAM:
   473  000017                     ?_adc_init:	; 1 bytes @ 0x0
   474  000017                     ?_ccp2_init:	; 1 bytes @ 0x0
   475  000017                     ?_tmr_init:	; 1 bytes @ 0x0
   476  000017                     ?_Hi_ISR:	; 1 bytes @ 0x0
   477  000017                     ??_Hi_ISR:	; 1 bytes @ 0x0
   478  000017                     ?_main:	; 1 bytes @ 0x0
   479  000017                     	ds   2
   480  000017                     ??_adc_init:	; 1 bytes @ 0x2
   481  000019                     ??_ccp2_init:	; 1 bytes @ 0x2
   482  000019                     ??_tmr_init:	; 1 bytes @ 0x2
   483  000019                     ??_main:	; 1 bytes @ 0x2
   484  000019                     ;!
   485                           ;!Data Sizes:
   486                           ;!    Strings     0
   487                           ;!    Constant    0
   488                           ;!    Data        0
   489                           ;!    BSS         22
   490                           ;!    Persistent  0
   491                           ;!    Stack       0
   492                           ;!
   493                           ;!Auto Spaces:
   494                           ;!    Space          Size  Autos    Used
   495                           ;!    COMRAM          126      2      24
   496                           ;!    BANK0           128      0       0
   497                           ;!    BANK1           256      0       0
   498                           ;!    BANK2           256      0       0
   499                           ;!    BANK3           256      0       0
   500                           ;!    BANK4           256      0       0
   501                           ;!    BANK5           256      0       0
   502                           
   503                           ;!
   504                           ;!Pointer List with Targets:
   505                           ;!
   506                           ;!    None.
   507                           
   508                           
   509                           ;!
   510                           ;!Critical Paths under _main in COMRAM
   511                           ;!
   512                           ;!    None.
   513                           ;!
   514                           ;!Critical Paths under _Hi_ISR in COMRAM
   515                           ;!
   516                           ;!    None.
   517                           ;!
   518                           ;!Critical Paths under _main in BANK0
   519                           ;!
   520                           ;!    None.
   521                           ;!
   522                           ;!Critical Paths under _Hi_ISR in BANK0
   523                           ;!
   524                           ;!    None.
   525                           ;!
   526                           ;!Critical Paths under _main in BANK1
   527                           ;!
   528                           ;!    None.
   529                           ;!
   530                           ;!Critical Paths under _Hi_ISR in BANK1
   531                           ;!
   532                           ;!    None.
   533                           ;!
   534                           ;!Critical Paths under _main in BANK2
   535                           ;!
   536                           ;!    None.
   537                           ;!
   538                           ;!Critical Paths under _Hi_ISR in BANK2
   539                           ;!
   540                           ;!    None.
   541                           ;!
   542                           ;!Critical Paths under _main in BANK3
   543                           ;!
   544                           ;!    None.
   545                           ;!
   546                           ;!Critical Paths under _Hi_ISR in BANK3
   547                           ;!
   548                           ;!    None.
   549                           ;!
   550                           ;!Critical Paths under _main in BANK4
   551                           ;!
   552                           ;!    None.
   553                           ;!
   554                           ;!Critical Paths under _Hi_ISR in BANK4
   555                           ;!
   556                           ;!    None.
   557                           ;!
   558                           ;!Critical Paths under _main in BANK5
   559                           ;!
   560                           ;!    None.
   561                           ;!
   562                           ;!Critical Paths under _Hi_ISR in BANK5
   563                           ;!
   564                           ;!    None.
   565                           
   566 ;;
   567 ;;Main: autosize = 0, tempsize = 0, incstack = 0, save=0
   568 ;;
   569                           
   570                           ;!
   571                           ;!Call Graph Tables:
   572                           ;!
   573                           ;! ---------------------------------------------------------------------------------
   574                           ;! (Depth) Function   	        Calls       Base Space   Used Autos Params    Refs
   575                           ;! ---------------------------------------------------------------------------------
   576                           ;! (0) _main                                                 0     0      0       0
   577                           ;!                           _adc_init
   578                           ;!                          _ccp2_init
   579                           ;!                           _tmr_init
   580                           ;! ---------------------------------------------------------------------------------
   581                           ;! (1) _tmr_init                                             0     0      0       0
   582                           ;! ---------------------------------------------------------------------------------
   583                           ;! (1) _ccp2_init                                            0     0      0       0
   584                           ;! ---------------------------------------------------------------------------------
   585                           ;! (1) _adc_init                                             0     0      0       0
   586                           ;! ---------------------------------------------------------------------------------
   587                           ;! Estimated maximum stack depth 1
   588                           ;! ---------------------------------------------------------------------------------
   589                           ;! (Depth) Function   	        Calls       Base Space   Used Autos Params    Refs
   590                           ;! ---------------------------------------------------------------------------------
   591                           ;! (2) _Hi_ISR                                               2     2      0       0
   592                           ;!                                              0 COMRAM     2     2      0
   593                           ;! ---------------------------------------------------------------------------------
   594                           ;! Estimated maximum stack depth 2
   595                           ;! ---------------------------------------------------------------------------------
   596                           ;!
   597                           ;! Call Graph Graphs:
   598                           ;!
   599                           ;! _main (ROOT)
   600                           ;!   _adc_init
   601                           ;!   _ccp2_init
   602                           ;!   _tmr_init
   603                           ;!
   604                           ;! _Hi_ISR (ROOT)
   605                           ;!
   606                           
   607                           ;! Address spaces:
   608                           
   609                           ;!Name               Size   Autos  Total    Cost      Usage
   610                           ;!BIGRAM             5FF      0       0      17        0.0%
   611                           ;!EEDATA             100      0       0       0        0.0%
   612                           ;!BITBANK5           100      0       0      16        0.0%
   613                           ;!BANK5              100      0       0      14        0.0%
   614                           ;!BITBANK4           100      0       0      12        0.0%
   615                           ;!BANK4              100      0       0      13        0.0%
   616                           ;!BITBANK3           100      0       0      10        0.0%
   617                           ;!BANK3              100      0       0      11        0.0%
   618                           ;!BITBANK2           100      0       0       8        0.0%
   619                           ;!BANK2              100      0       0       9        0.0%
   620                           ;!BITBANK1           100      0       0       6        0.0%
   621                           ;!BANK1              100      0       0       7        0.0%
   622                           ;!BITBANK0            80      0       0       4        0.0%
   623                           ;!BANK0               80      0       0       5        0.0%
   624                           ;!BITCOMRAM           7E      0       0       0        0.0%
   625                           ;!COMRAM              7E      2      18       1       19.0%
   626                           ;!BITSFR               0      0       0     200        0.0%
   627                           ;!SFR                  0      0       0     200        0.0%
   628                           ;!STACK                0      0       0       2        0.0%
   629                           ;!NULL                 0      0       0       0        0.0%
   630                           ;!ABS                  0      0      18      15        0.0%
   631                           ;!DATA                 0      0      18       3        0.0%
   632                           ;!CODE                 0      0       0       0        0.0%
   633                           
   634                           	global	_main
   635                           
   636 ;; *************** function _main *****************
   637 ;; Defined at:
   638 ;;		line 29 in file "main.c"
   639 ;; Parameters:    Size  Location     Type
   640 ;;		None
   641 ;; Auto vars:     Size  Location     Type
   642 ;;		None
   643 ;; Return value:  Size  Location     Type
   644 ;;                  1    wreg      void 
   645 ;; Registers used:
   646 ;;		wreg, status,2, cstack
   647 ;; Tracked objects:
   648 ;;		On entry : 0/0
   649 ;;		On exit  : 0/0
   650 ;;		Unchanged: 0/0
   651 ;; Data sizes:     COMRAM   BANK0   BANK1   BANK2   BANK3   BANK4   BANK5
   652 ;;      Params:         0       0       0       0       0       0       0
   653 ;;      Locals:         0       0       0       0       0       0       0
   654 ;;      Temps:          0       0       0       0       0       0       0
   655 ;;      Totals:         0       0       0       0       0       0       0
   656 ;;Total ram usage:        0 bytes
   657 ;; Hardware stack levels required when called:    2
   658 ;; This function calls:
   659 ;;		_adc_init
   660 ;;		_ccp2_init
   661 ;;		_tmr_init
   662 ;; This function is called by:
   663 ;;		Startup code after reset
   664 ;; This function uses a non-reentrant model
   665 ;;
   666                           psect	text0,class=CODE,space=0,reloc=2,group=0
   667                           	file	"main.c"
   668                           	line	29
   669                           global __ptext0
   670                           __ptext0:
   671  0000E2                     psect	text0
   672                           	file	"main.c"
   673                           	line	29
   674                           	global	__size_of_main
   675                           	__size_of_main	equ	__end_of_main-_main
   676  0000                     	
   677                           _main:
   678  0000E2                     ;incstack = 0
   679                           	opt	stack 29
   680                           	line	36
   681                           	
   682                           l770:
   683  0000E2                     ;main.c: 36: 
   684                           	call	_adc_init	;wreg free
   685  0000E2  EC50  F000         	line	37
   686                           	
   687                           l772:
   688  0000E6                     ;main.c: 37: void adc_init(void){
   689                           	call	_ccp2_init	;wreg free
   690  0000E6  EC7B  F000         	line	38
   691                           	
   692                           l774:
   693  0000EA                     ;main.c: 38: 
   694                           	call	_tmr_init	;wreg free
   695  0000EA  EC83  F000         	line	39
   696                           ;main.c: 39: 
   697                           	
   698                           l54:
   699  0000EE                     	
   700                           l55:
   701  0000EE                     	goto	l54
   702  0000EE  EF77  F000         	
   703                           l56:
   704  0000F2                     	line	41
   705                           ;main.c: 40: 
   706                           	
   707                           l57:
   708  0000F2                     	global	start
   709                           	goto	start
   710  0000F2  EF07  F000         	opt stack 0
   711                           GLOBAL	__end_of_main
   712                           	__end_of_main:
   713  0000F6                     	signat	_main,89
   714                           	global	_tmr_init
   715                           
   716 ;; *************** function _tmr_init *****************
   717 ;; Defined at:
   718 ;;		line 93 in file "main.c"
   719 ;; Parameters:    Size  Location     Type
   720 ;;		None
   721 ;; Auto vars:     Size  Location     Type
   722 ;;		None
   723 ;; Return value:  Size  Location     Type
   724 ;;                  1    wreg      void 
   725 ;; Registers used:
   726 ;;		wreg, status,2
   727 ;; Tracked objects:
   728 ;;		On entry : 0/0
   729 ;;		On exit  : 0/0
   730 ;;		Unchanged: 0/0
   731 ;; Data sizes:     COMRAM   BANK0   BANK1   BANK2   BANK3   BANK4   BANK5
   732 ;;      Params:         0       0       0       0       0       0       0
   733 ;;      Locals:         0       0       0       0       0       0       0
   734 ;;      Temps:          0       0       0       0       0       0       0
   735 ;;      Totals:         0       0       0       0       0       0       0
   736 ;;Total ram usage:        0 bytes
   737 ;; Hardware stack levels used:    1
   738 ;; Hardware stack levels required when called:    1
   739 ;; This function calls:
   740 ;;		Nothing
   741 ;; This function is called by:
   742 ;;		_main
   743 ;; This function uses a non-reentrant model
   744 ;;
   745                           psect	text1,class=CODE,space=0,reloc=2,group=0
   746                           	line	93
   747                           global __ptext1
   748                           __ptext1:
   749  000106                     psect	text1
   750                           	file	"main.c"
   751                           	line	93
   752                           	global	__size_of_tmr_init
   753                           	__size_of_tmr_init	equ	__end_of_tmr_init-_tmr_init
   754  0000                     	
   755                           _tmr_init:
   756  000106                     ;incstack = 0
   757                           	opt	stack 29
   758                           	line	96
   759                           	
   760                           l748:
   761  000106                     	movlw	low(0C9h)
   762  000106  0EC9               	movwf	((c:4017)),c	;volatile
   763  000108  6EB1               	line	97
   764                           	
   765                           l66:
   766  00010A                     	return	;funcret
   767  00010A  0012               	opt stack 0
   768                           GLOBAL	__end_of_tmr_init
   769                           	__end_of_tmr_init:
   770  00010C                     	signat	_tmr_init,89
   771                           	global	_ccp2_init
   772                           
   773 ;; *************** function _ccp2_init *****************
   774 ;; Defined at:
   775 ;;		line 82 in file "main.c"
   776 ;; Parameters:    Size  Location     Type
   777 ;;		None
   778 ;; Auto vars:     Size  Location     Type
   779 ;;		None
   780 ;; Return value:  Size  Location     Type
   781 ;;                  1    wreg      void 
   782 ;; Registers used:
   783 ;;		wreg, status,2
   784 ;; Tracked objects:
   785 ;;		On entry : 0/0
   786 ;;		On exit  : 0/0
   787 ;;		Unchanged: 0/0
   788 ;; Data sizes:     COMRAM   BANK0   BANK1   BANK2   BANK3   BANK4   BANK5
   789 ;;      Params:         0       0       0       0       0       0       0
   790 ;;      Locals:         0       0       0       0       0       0       0
   791 ;;      Temps:          0       0       0       0       0       0       0
   792 ;;      Totals:         0       0       0       0       0       0       0
   793 ;;Total ram usage:        0 bytes
   794 ;; Hardware stack levels used:    1
   795 ;; Hardware stack levels required when called:    1
   796 ;; This function calls:
   797 ;;		Nothing
   798 ;; This function is called by:
   799 ;;		_main
   800 ;; This function uses a non-reentrant model
   801 ;;
   802                           psect	text2,class=CODE,space=0,reloc=2,group=0
   803                           	line	82
   804                           global __ptext2
   805                           __ptext2:
   806  0000F6                     psect	text2
   807                           	file	"main.c"
   808                           	line	82
   809                           	global	__size_of_ccp2_init
   810                           	__size_of_ccp2_init	equ	__end_of_ccp2_init-_ccp2_init
   811  0000                     	
   812                           _ccp2_init:
   813  0000F6                     ;incstack = 0
   814                           	opt	stack 29
   815                           	line	84
   816                           	
   817                           l744:
   818  0000F6                     ;main.c: 84:     CCPR2 = 250000/8;
   819                           	movlw	low(0Bh)
   820  0000F6  0E0B               	movwf	((c:4026)),c	;volatile
   821  0000F8  6EBA               	line	86
   822                           	
   823                           l746:
   824  0000FA                     ;main.c: 86: 
   825                           	bsf	((c:4000)),c,0	;volatile
   826  0000FA  80A0               	line	90
   827                           ;main.c: 90:     T3CON = 0b11001001;
   828                           	movlw	high(07A12h)
   829  0000FC  0E7A               	movwf	((c:4027+1)),c	;volatile
   830  0000FE  6EBC               	movlw	low(07A12h)
   831  000100  0E12               	movwf	((c:4027)),c	;volatile
   832  000102  6EBB               	line	91
   833                           	
   834                           l63:
   835  000104                     	return	;funcret
   836  000104  0012               	opt stack 0
   837                           GLOBAL	__end_of_ccp2_init
   838                           	__end_of_ccp2_init:
   839  000106                     	signat	_ccp2_init,89
   840                           	global	_adc_init
   841                           
   842 ;; *************** function _adc_init *****************
   843 ;; Defined at:
   844 ;;		line 43 in file "main.c"
   845 ;; Parameters:    Size  Location     Type
   846 ;;		None
   847 ;; Auto vars:     Size  Location     Type
   848 ;;		None
   849 ;; Return value:  Size  Location     Type
   850 ;;                  1    wreg      void 
   851 ;; Registers used:
   852 ;;		None
   853 ;; Tracked objects:
   854 ;;		On entry : 0/0
   855 ;;		On exit  : 0/0
   856 ;;		Unchanged: 0/0
   857 ;; Data sizes:     COMRAM   BANK0   BANK1   BANK2   BANK3   BANK4   BANK5
   858 ;;      Params:         0       0       0       0       0       0       0
   859 ;;      Locals:         0       0       0       0       0       0       0
   860 ;;      Temps:          0       0       0       0       0       0       0
   861 ;;      Totals:         0       0       0       0       0       0       0
   862 ;;Total ram usage:        0 bytes
   863 ;; Hardware stack levels used:    1
   864 ;; Hardware stack levels required when called:    1
   865 ;; This function calls:
   866 ;;		Nothing
   867 ;; This function is called by:
   868 ;;		_main
   869 ;; This function uses a non-reentrant model
   870 ;;
   871                           psect	text3,class=CODE,space=0,reloc=2,group=0
   872                           	line	43
   873                           global __ptext3
   874                           __ptext3:
   875  0000A0                     psect	text3
   876                           	file	"main.c"
   877                           	line	43
   878                           	global	__size_of_adc_init
   879                           	__size_of_adc_init	equ	__end_of_adc_init-_adc_init
   880  0000                     	
   881                           _adc_init:
   882  0000A0                     ;incstack = 0
   883                           	opt	stack 29
   884                           	line	49
   885                           	
   886                           l742:
   887  0000A0                     ;main.c: 49: 
   888                           	bcf	((c:4034)),c,5	;volatile
   889  0000A0  9AC2               	line	50
   890                           ;main.c: 50:     TRISEbits.TRISE2 = 1;
   891                           	bsf	((c:4034)),c,4	;volatile
   892  0000A2  88C2               	line	51
   893                           ;main.c: 51: 
   894                           	bsf	((c:4034)),c,3	;volatile
   895  0000A4  86C2               	line	52
   896                           ;main.c: 52:     ADCON0bits.GO = 1;
   897                           	bsf	((c:4034)),c,2	;volatile
   898  0000A6  84C2               	line	53
   899                           ;main.c: 53: 
   900                           	bcf	((c:4034)),c,1	;volatile
   901  0000A8  92C2               	line	54
   902                           ;main.c: 54:     ADCON1bits.VCFG1 = 0;
   903                           	bsf	((c:4034)),c,0	;volatile
   904  0000AA  80C2               	line	56
   905                           ;main.c: 56: 
   906                           	bsf	((c:3990)),c,2	;volatile
   907  0000AC  8496               	line	58
   908                           ;main.c: 58: 
   909                           	bsf	((c:4034)),c,1	;volatile
   910  0000AE  82C2               	line	60
   911                           ;main.c: 60:     ADCON2bits.ADCS1 = 1;
   912                           	bcf	((c:4033)),c,5	;volatile
   913  0000B0  9AC1               	line	61
   914                           ;main.c: 61:     ADCON2bits.ADCS0 = 1;
   915                           	bcf	((c:4033)),c,4	;volatile
   916  0000B2  98C1               	line	65
   917                           ;main.c: 65:     ADCON2bits.ACQT0 = 1;
   918                           	bsf	((c:4032)),c,2	;volatile
   919  0000B4  84C0               	line	66
   920                           ;main.c: 66: 
   921                           	bsf	((c:4032)),c,1	;volatile
   922  0000B6  82C0               	line	67
   923                           ;main.c: 67:     ADCON2bits.ADFM = 1;
   924                           	bsf	((c:4032)),c,0	;volatile
   925  0000B8  80C0               	line	69
   926                           ;main.c: 69:     PIE1bits.ADIE = 1;
   927                           	bcf	((c:4032)),c,5	;volatile
   928  0000BA  9AC0               	line	70
   929                           ;main.c: 70:     IPR1bits.ADIP = 1;
   930                           	bcf	((c:4032)),c,4	;volatile
   931  0000BC  98C0               	line	71
   932                           ;main.c: 71: 
   933                           	bsf	((c:4032)),c,3	;volatile
   934  0000BE  86C0               	line	73
   935                           ;main.c: 73:     INTCONbits.GIE = 1;
   936                           	bsf	((c:4032)),c,7	;volatile
   937  0000C0  8EC0               	line	75
   938                           ;main.c: 75: 
   939                           	bsf	((c:3997)),c,6	;volatile
   940  0000C2  8C9D               	line	76
   941                           ;main.c: 76: void ccp2_init(void){
   942                           	bsf	((c:3999)),c,6	;volatile
   943  0000C4  8C9F               	line	78
   944                           ;main.c: 78:     CCP2CON = 0b00001011;
   945                           	bsf	((c:4048)),c,7	;volatile
   946  0000C6  8ED0               	line	79
   947                           ;main.c: 79: 
   948                           	bsf	((c:4082)),c,7	;volatile
   949  0000C8  8EF2               	line	80
   950                           	
   951                           l60:
   952  0000CA                     	return	;funcret
   953  0000CA  0012               	opt stack 0
   954                           GLOBAL	__end_of_adc_init
   955                           	__end_of_adc_init:
   956  0000CC                     	signat	_adc_init,89
   957                           	global	_Hi_ISR
   958                           
   959 ;; *************** function _Hi_ISR *****************
   960 ;; Defined at:
   961 ;;		line 12 in file "main.c"
   962 ;; Parameters:    Size  Location     Type
   963 ;;		None
   964 ;; Auto vars:     Size  Location     Type
   965 ;;		None
   966 ;; Return value:  Size  Location     Type
   967 ;;                  1    wreg      void 
   968 ;; Registers used:
   969 ;;		wreg, fsr2l, fsr2h, status,2, status,0
   970 ;; Tracked objects:
   971 ;;		On entry : 0/0
   972 ;;		On exit  : 0/0
   973 ;;		Unchanged: 0/0
   974 ;; Data sizes:     COMRAM   BANK0   BANK1   BANK2   BANK3   BANK4   BANK5
   975 ;;      Params:         0       0       0       0       0       0       0
   976 ;;      Locals:         0       0       0       0       0       0       0
   977 ;;      Temps:          2       0       0       0       0       0       0
   978 ;;      Totals:         2       0       0       0       0       0       0
   979 ;;Total ram usage:        2 bytes
   980 ;; Hardware stack levels used:    1
   981 ;; This function calls:
   982 ;;		Nothing
   983 ;; This function is called by:
   984 ;;		Interrupt level 2
   985 ;; This function uses a non-reentrant model
   986 ;;
   987                           psect	intcode,class=CODE,space=0,reloc=2
   988                           global __pintcode
   989                           __pintcode:
   990  000008                     psect	intcode
   991                           	file	"main.c"
   992                           	line	12
   993                           	global	__size_of_Hi_ISR
   994                           	__size_of_Hi_ISR	equ	__end_of_Hi_ISR-_Hi_ISR
   995  0000                     	
   996                           _Hi_ISR:
   997  000008                     ;incstack = 0
   998                           	opt	stack 29
   999                           	bsf int$flags,1,c ;set compiler interrupt flag (level 2)
  1000  000008  8219               	global	int_func
  1001                           	call	int_func,f	;refresh shadow registers
  1002  00000A  ED09  F000         psect	intcode_body,class=CODE,space=0,reloc=2
  1003                           global __pintcode_body
  1004                           __pintcode_body:
  1005  000012                     int_func:
  1006  000012                     
  1007                           	pop	; remove dummy address from shadow register refresh
  1008  000012  0006               	movff	fsr2l+0,??_Hi_ISR+0
  1009  000014  CFD9 F017          	movff	fsr2h+0,??_Hi_ISR+1
  1010  000018  CFDA F018          	line	15
  1011                           	
  1012                           i2l750:
  1013  00001C                     ;main.c: 15:     }
  1014                           	btfss	((c:3998)),c,6	;volatile
  1015  00001C  AC9E               	goto	i2u1_41
  1016  00001E  EF13  F000         	goto	i2u1_40
  1017  000022  EF15  F000         i2u1_41:
  1018  000026                     	goto	i2l45
  1019  000026  EF38  F000         i2u1_40:
  1020  00002A                     	line	16
  1021                           	
  1022                           i2l752:
  1023  00002A                     ;main.c: 16:     else if(PIR2bits.CCP2IF){
  1024                           	bcf	status,0
  1025  00002A  90D8               	rlcf	((c:_i)),c,w
  1026  00002C  3415               	movwf	fsr2l
  1027  00002E  6ED9               	rlcf	((c:_i+1)),c,w
  1028  000030  3416               	movwf	fsr2h
  1029  000032  6EDA               	movlw	low(_ans)
  1030  000034  0E01               	addwf	fsr2l
  1031  000036  26D9               	movlw	high(_ans)
  1032  000038  0E00               	addwfc	fsr2h
  1033  00003A  22DA               	movff	(c:4035),postinc2	;volatile
  1034  00003C  CFC3 FFDE          	movff	(c:4035+1),postdec2	;volatile
  1035  000040  CFC4 FFDD          	line	17
  1036                           	
  1037                           i2l754:
  1038  000044                     ;main.c: 17:         PIR2bits.CCP2IF = 0;
  1039                           	infsnz	((c:_i)),c
  1040  000044  4A15               	incf	((c:_i+1)),c
  1041  000046  2A16               	line	18
  1042                           	
  1043                           i2l756:
  1044  000048                     ;main.c: 18:         CCPR2 = 250000/8;
  1045                           		movlw	11
  1046  000048  0E0B               	xorwf	((c:_i)),c,w
  1047  00004A  1815               iorwf	((c:_i+1)),c,w
  1048  00004C  1016               	btfss	status,2
  1049  00004E  A4D8               	goto	i2u2_41
  1050  000050  EF2C  F000         	goto	i2u2_40
  1051  000054  EF2E  F000         
  1052                           i2u2_41:
  1053  000058                     	goto	i2l760
  1054  000058  EF34  F000         i2u2_40:
  1055  00005C                     	
  1056                           i2l758:
  1057  00005C                     	movlw	high(0)
  1058  00005C  0E00               	movwf	((c:_i+1)),c
  1059  00005E  6E16               	movlw	low(0)
  1060  000060  0E00               	movwf	((c:_i)),c
  1061  000062  6E15               	goto	i2l760
  1062  000064  EF34  F000         	
  1063                           i2l46:
  1064  000068                     	line	19
  1065                           	
  1066                           i2l760:
  1067  000068                     ;main.c: 19:     }
  1068                           	bcf	((c:3998)),c,6	;volatile
  1069  000068  9C9E               	line	20
  1070                           	
  1071                           i2l762:
  1072  00006A                     ;main.c: 20:     return ;
  1073                           	bsf	((c:4034)),c,0	;volatile
  1074  00006A  80C2               	line	21
  1075                           ;main.c: 21: }
  1076                           	goto	i2l49
  1077  00006C  EF4A  F000         	line	22
  1078                           ;main.c: 22: 
  1079                           	
  1080                           i2l45:
  1081  000070                     	btfss	((c:4001)),c,0	;volatile
  1082  000070  A0A1               	goto	i2u3_41
  1083  000072  EF3D  F000         	goto	i2u3_40
  1084  000076  EF3F  F000         i2u3_41:
  1085  00007A                     	goto	i2l49
  1086  00007A  EF4A  F000         i2u3_40:
  1087  00007E                     	line	23
  1088                           	
  1089                           i2l764:
  1090  00007E                     ;main.c: 23: void main(void) {
  1091                           	bcf	((c:4001)),c,0	;volatile
  1092  00007E  90A1               	line	24
  1093                           	
  1094                           i2l766:
  1095  000080                     ;main.c: 24: 
  1096                           	movlw	high(07A12h)
  1097  000080  0E7A               	movwf	((c:4027+1)),c	;volatile
  1098  000082  6EBC               	movlw	low(07A12h)
  1099  000084  0E12               	movwf	((c:4027)),c	;volatile
  1100  000086  6EBB               	goto	i2l49
  1101  000088  EF4A  F000         	line	25
  1102                           ;main.c: 25: 
  1103                           	
  1104                           i2l48:
  1105  00008C                     	goto	i2l49
  1106  00008C  EF4A  F000         	
  1107                           i2l47:
  1108  000090                     	goto	i2l49
  1109  000090  EF4A  F000         	line	26
  1110                           	
  1111                           i2l768:
  1112  000094                     	line	27
  1113                           ;main.c: 26: 
  1114                           	
  1115                           i2l49:
  1116  000094                     	movff	??_Hi_ISR+1,fsr2h+0
  1117  000094  C018  FFDA         	movff	??_Hi_ISR+0,fsr2l+0
  1118  000098  C017  FFD9         	bcf int$flags,1,c ;clear compiler interrupt flag (level 2)
  1119  00009C  9219               	retfie f
  1120  00009E  0011               	opt stack 0
  1121                           GLOBAL	__end_of_Hi_ISR
  1122                           	__end_of_Hi_ISR:
  1123  0000A0                     	signat	_Hi_ISR,89
  1124                           	GLOBAL	__activetblptr
  1125                           __activetblptr	EQU	0
  1126  0000                     	psect	intsave_regs,class=BIGRAM,space=1,noexec
  1127                           	PSECT	rparam,class=COMRAM,space=1,noexec
  1128                           	GLOBAL	__Lrparam
  1129                           	FNCONF	rparam,??,?
  1130                           	GLOBAL	___rparam_used
  1131                           	___rparam_used EQU 1
  1132  0000                     	GLOBAL	___param_bank
  1133                           	___param_bank EQU 0
  1134  0000                     GLOBAL	__Lparam, __Hparam
  1135                           GLOBAL	__Lrparam, __Hrparam
  1136                           __Lparam	EQU	__Lrparam
  1137  0000                     __Hparam	EQU	__Hrparam
  1138  0000                            psect   temp,common,ovrld,class=COMRAM,space=1
  1139                           	global	btemp
  1140                           btemp:
  1141  000019                     	ds	1
  1142  000019                     	global	int$flags
  1143                           	int$flags	set btemp
  1144  0000                     	global	wtemp8
  1145                           	wtemp8 set btemp+1
  1146  0000                     	global	ttemp5
  1147                           	ttemp5 set btemp+1
  1148  0000                     	global	ttemp6
  1149                           	ttemp6 set btemp+4
  1150  0000                     	global	ttemp7
  1151                           	ttemp7 set btemp+8
  1152  0000                     	end


Data Sizes:
    Strings     0
    Constant    0
    Data        0
    BSS         22
    Persistent  0
    Stack       0

Auto Spaces:
    Space          Size  Autos    Used
    COMRAM          126      2      24
    BANK0           128      0       0
    BANK1           256      0       0
    BANK2           256      0       0
    BANK3           256      0       0
    BANK4           256      0       0
    BANK5           256      0       0

Pointer List with Targets:

    None.

Critical Paths under _main in COMRAM

    None.

Critical Paths under _Hi_ISR in COMRAM

    None.

Critical Paths under _main in BANK0

    None.

Critical Paths under _Hi_ISR in BANK0

    None.

Critical Paths under _main in BANK1

    None.

Critical Paths under _Hi_ISR in BANK1

    None.

Critical Paths under _main in BANK2

    None.

Critical Paths under _Hi_ISR in BANK2

    None.

Critical Paths under _main in BANK3

    None.

Critical Paths under _Hi_ISR in BANK3

    None.

Critical Paths under _main in BANK4

    None.

Critical Paths under _Hi_ISR in BANK4

    None.

Critical Paths under _main in BANK5

    None.

Critical Paths under _Hi_ISR in BANK5

    None.

Call Graph Tables:

 ---------------------------------------------------------------------------------
 (Depth) Function   	        Calls       Base Space   Used Autos Params    Refs
 ---------------------------------------------------------------------------------
 (0) _main                                                 0     0      0       0
                           _adc_init
                          _ccp2_init
                           _tmr_init
 ---------------------------------------------------------------------------------
 (1) _tmr_init                                             0     0      0       0
 ---------------------------------------------------------------------------------
 (1) _ccp2_init                                            0     0      0       0
 ---------------------------------------------------------------------------------
 (1) _adc_init                                             0     0      0       0
 ---------------------------------------------------------------------------------
 Estimated maximum stack depth 1
 ---------------------------------------------------------------------------------
 (Depth) Function   	        Calls       Base Space   Used Autos Params    Refs
 ---------------------------------------------------------------------------------
 (2) _Hi_ISR                                               2     2      0       0
                                              0 COMRAM     2     2      0
 ---------------------------------------------------------------------------------
 Estimated maximum stack depth 2
 ---------------------------------------------------------------------------------

 Call Graph Graphs:

 _main (ROOT)
   _adc_init
   _ccp2_init
   _tmr_init

 _Hi_ISR (ROOT)

 Address spaces:
Name               Size   Autos  Total    Cost      Usage
BIGRAM             5FF      0       0      17        0.0%
EEDATA             100      0       0       0        0.0%
BITBANK5           100      0       0      16        0.0%
BANK5              100      0       0      14        0.0%
BITBANK4           100      0       0      12        0.0%
BANK4              100      0       0      13        0.0%
BITBANK3           100      0       0      10        0.0%
BANK3              100      0       0      11        0.0%
BITBANK2           100      0       0       8        0.0%
BANK2              100      0       0       9        0.0%
BITBANK1           100      0       0       6        0.0%
BANK1              100      0       0       7        0.0%
BITBANK0            80      0       0       4        0.0%
BANK0               80      0       0       5        0.0%
BITCOMRAM           7E      0       0       0        0.0%
COMRAM              7E      2      18       1       19.0%
BITSFR               0      0       0     200        0.0%
SFR                  0      0       0     200        0.0%
STACK                0      0       0       2        0.0%
NULL                 0      0       0       0        0.0%
ABS                  0      0      18      15        0.0%
DATA                 0      0      18       3        0.0%
CODE                 0      0       0       0        0.0%


Microchip Technology PIC18 Macro Assembler V2.00 build -1524193055 
Symbol Table                                                                                   Thu Dec 13 17:55:08 2018

                      _i 0015                       l60 00CA                       l54 00EE  
                     l63 0104                       l55 00EE                       l56 00F2  
                     l57 00F2                       l66 010A                      l742 00A0  
                    l744 00F6                      l746 00FA                      l770 00E2  
                    l748 0106                      l772 00E6                      l774 00EA  
                    _ans 0001                      wreg 000FE8             __CFG_LVP$OFF 000000  
           __CFG_WDT$OFF 000000                     i2l45 0070                     i2l46 0068  
                   i2l47 0090                     i2l48 008C                     i2l49 0094  
                   _main 00E2                     fsr2h 000FDA                     fsr2l 000FD9  
                   btemp 0019                     start 000E             ___param_bank 000000  
                  ?_main 0017                    _ADRES 000FC3                    _CCPR2 000FBB  
                  _T3CON 000FB1                    i2l750 001C                    i2l760 0068  
                  i2l752 002A                    i2l762 006A                    i2l754 0044  
                  i2l764 007E                    i2l756 0048                    i2l766 0080  
                  i2l758 005C                    i2l768 0094                    ttemp5 001A  
                  ttemp6 001D                    ttemp7 0021                    status 000FD8  
                  wtemp8 001A          __initialization 00CC             __end_of_main 00F6  
                 ??_main 0019            __activetblptr 000000         __end_of_adc_init 00CC  
                 i2u1_40 002A                   i2u1_41 0026                   i2u2_40 005C  
                 i2u2_41 0058                   i2u3_40 007E                   i2u3_41 007A  
                 _Hi_ISR 0008                   clear_0 00D2         __end_of_tmr_init 010C  
     __size_of_ccp2_init 0010               __accesstop 0080  __end_of__initialization 00D8  
          ___rparam_used 000001           __pcstackCOMRAM 0017                  ?_Hi_ISR 0017  
                _CCP2CON 000FBA        __end_of_ccp2_init 0106                ?_adc_init 0017  
        __size_of_Hi_ISR 0098                  __Hparam 0000                  __Lparam 0000  
              ?_tmr_init 0017                  __pcinit 00CC                  __ramtop 0600  
             ??_adc_init 0019                  __ptext0 00E2                  __ptext1 0106  
                __ptext2 00F6                  __ptext3 00A0           __pintcode_body 0012  
   end_of_initialization 00D8                  int_func 0012                  postdec2 000FDD  
                postinc0 000FEE                  postinc2 000FDE               ??_tmr_init 0019  
              _TRISEbits 000F96           __end_of_Hi_ISR 00A0      start_initialization 00CC  
       __CFG_OSC$INTIO67 000000                 ??_Hi_ISR 0017        __size_of_adc_init 002C  
            __pbssCOMRAM 0001                _ccp2_init 00F6                __pintcode 0008  
      __size_of_tmr_init 0006               ?_ccp2_init 0017                 _IPR1bits 000F9F  
               _PIE1bits 000F9D                 _PIE2bits 000FA0                 _PIR1bits 000F9E  
               _PIR2bits 000FA1                 _RCONbits 000FD0               _ADCON0bits 000FC2  
             _ADCON1bits 000FC1               _ADCON2bits 000FC0                 __Hrparam 0000  
               __Lrparam 0000                 _adc_init 00A0              ??_ccp2_init 0019  
          __size_of_main 0014                 int$flags 0019                 _tmr_init 0106  
             _INTCONbits 000FF2                 intlevel2 0000  
