Warning[205] D:\MPLAB\LAB\DEDE.X\DADA.ASM 1 : Found directive in column 1. (LIST)
Warning[207] D:\MPLAB\LAB\DEDE.X\DADA.ASM 62 : Found label after column 1. (L1)
Warning[207] D:\MPLAB\LAB\DEDE.X\DADA.ASM 63 : Found label after column 1. (L2)
Warning[205] D:\MPLAB\LAB\DEDE.X\DADA.ASM 82 : Found directive in column 1. (ORG)
Warning[203] D:\MPLAB\LAB\DEDE.X\DADA.ASM 83 : Found opcode in column 1. (bra)
Warning[205] D:\MPLAB\LAB\DEDE.X\DADA.ASM 84 : Found directive in column 1. (ORG)
Warning[203] D:\MPLAB\LAB\DEDE.X\DADA.ASM 85 : Found opcode in column 1. (bra)
Warning[207] D:\MPLAB\LAB\DEDE.X\DADA.ASM 217 : Found label after column 1. (not_n)
Warning[207] D:\MPLAB\LAB\DEDE.X\DADA.ASM 247 : Found label after column 1. (E)
Warning[203] D:\MPLAB\LAB\DEDE.X\DADA.ASM 254 : Found opcode in column 1. (clrf)
Warning[203] D:\MPLAB\LAB\DEDE.X\DADA.ASM 263 : Found opcode in column 1. (clrf)
Warning[203] D:\MPLAB\LAB\DEDE.X\DADA.ASM 273 : Found opcode in column 1. (clrf)
Warning[203] D:\MPLAB\LAB\DEDE.X\DADA.ASM 282 : Found opcode in column 1. (clrf)
Warning[202] D:\MPLAB\LAB\DEDE.X\DADA.ASM 90 : Argument out of range.  Least significant bits used.
Warning[207] D:\MPLAB\LAB\DEDE.X\DADA.ASM 92 : Found label after column 1. (LOOP2)
Warning[207] D:\MPLAB\LAB\DEDE.X\DADA.ASM 95 : Found label after column 1. (LOOP1)
Warning[202] D:\MPLAB\LAB\DEDE.X\DADA.ASM 90 : Argument out of range.  Least significant bits used.
Warning[207] D:\MPLAB\LAB\DEDE.X\DADA.ASM 92 : Found label after column 1. (LOOP2)
Warning[207] D:\MPLAB\LAB\DEDE.X\DADA.ASM 95 : Found label after column 1. (LOOP1)
Warning[202] D:\MPLAB\LAB\DEDE.X\DADA.ASM 90 : Argument out of range.  Least significant bits used.
Warning[207] D:\MPLAB\LAB\DEDE.X\DADA.ASM 92 : Found label after column 1. (LOOP2)
Warning[207] D:\MPLAB\LAB\DEDE.X\DADA.ASM 95 : Found label after column 1. (LOOP1)
Warning[202] D:\MPLAB\LAB\DEDE.X\DADA.ASM 90 : Argument out of range.  Least significant bits used.
Warning[207] D:\MPLAB\LAB\DEDE.X\DADA.ASM 92 : Found label after column 1. (LOOP2)
Warning[207] D:\MPLAB\LAB\DEDE.X\DADA.ASM 95 : Found label after column 1. (LOOP1)
Warning[202] D:\MPLAB\LAB\DEDE.X\DADA.ASM 90 : Argument out of range.  Least significant bits used.
Warning[207] D:\MPLAB\LAB\DEDE.X\DADA.ASM 92 : Found label after column 1. (LOOP2)
Warning[207] D:\MPLAB\LAB\DEDE.X\DADA.ASM 95 : Found label after column 1. (LOOP1)
Warning[202] D:\MPLAB\LAB\DEDE.X\DADA.ASM 90 : Argument out of range.  Least significant bits used.
Warning[207] D:\MPLAB\LAB\DEDE.X\DADA.ASM 92 : Found label after column 1. (LOOP2)
Warning[207] D:\MPLAB\LAB\DEDE.X\DADA.ASM 95 : Found label after column 1. (LOOP1)
Warning[202] D:\MPLAB\LAB\DEDE.X\DADA.ASM 90 : Argument out of range.  Least significant bits used.
Warning[207] D:\MPLAB\LAB\DEDE.X\DADA.ASM 92 : Found label after column 1. (LOOP2)
Warning[207] D:\MPLAB\LAB\DEDE.X\DADA.ASM 95 : Found label after column 1. (LOOP1)
Warning[202] D:\MPLAB\LAB\DEDE.X\DADA.ASM 90 : Argument out of range.  Least significant bits used.
Warning[207] D:\MPLAB\LAB\DEDE.X\DADA.ASM 92 : Found label after column 1. (LOOP2)
Warning[207] D:\MPLAB\LAB\DEDE.X\DADA.ASM 95 : Found label after column 1. (LOOP1)
